[32m2025-03-13 19:24:45 -0300[0m - dagster - [34mDEBUG[0m - dbt_and_training - 31874d6f-a8eb-42eb-a284-975318ed98fe - 686682 - LOGS_CAPTURED - Started capturing logs in process (pid: 686682).
[32m2025-03-13 19:24:45 -0300[0m - dagster - [34mDEBUG[0m - dbt_and_training - 31874d6f-a8eb-42eb-a284-975318ed98fe - 686682 - model_trained - STEP_START - Started execution of step "model_trained".
[32m2025-03-13 19:24:45 -0300[0m - dagster - [34mDEBUG[0m - dbt_and_training - 31874d6f-a8eb-42eb-a284-975318ed98fe - 686682 - model_trained - LOADED_INPUT - Loaded input "X_train" using input manager "io_manager", from output "X_train" of step "split_data"
[32m2025-03-13 19:24:45 -0300[0m - dagster - [34mDEBUG[0m - dbt_and_training - 31874d6f-a8eb-42eb-a284-975318ed98fe - 686682 - model_trained - LOADED_INPUT - Loaded input "movie2Idx" using input manager "io_manager", from output "movie2Idx" of step "preprocessed_data"
[32m2025-03-13 19:24:46 -0300[0m - dagster - [34mDEBUG[0m - dbt_and_training - 31874d6f-a8eb-42eb-a284-975318ed98fe - 686682 - model_trained - LOADED_INPUT - Loaded input "user2Idx" using input manager "io_manager", from output "user2Idx" of step "preprocessed_data"
[32m2025-03-13 19:24:46 -0300[0m - dagster - [34mDEBUG[0m - dbt_and_training - 31874d6f-a8eb-42eb-a284-975318ed98fe - 686682 - model_trained - LOADED_INPUT - Loaded input "y_train" using input manager "io_manager", from output "y_train" of step "split_data"
[32m2025-03-13 19:24:46 -0300[0m - dagster - [34mDEBUG[0m - dbt_and_training - 31874d6f-a8eb-42eb-a284-975318ed98fe - 686682 - model_trained - STEP_INPUT - Got input "X_train" of type "Any". (Type check passed).
[32m2025-03-13 19:24:46 -0300[0m - dagster - [34mDEBUG[0m - dbt_and_training - 31874d6f-a8eb-42eb-a284-975318ed98fe - 686682 - model_trained - STEP_INPUT - Got input "movie2Idx" of type "Any". (Type check passed).
[32m2025-03-13 19:24:46 -0300[0m - dagster - [34mDEBUG[0m - dbt_and_training - 31874d6f-a8eb-42eb-a284-975318ed98fe - 686682 - model_trained - STEP_INPUT - Got input "user2Idx" of type "Any". (Type check passed).
[32m2025-03-13 19:24:46 -0300[0m - dagster - [34mDEBUG[0m - dbt_and_training - 31874d6f-a8eb-42eb-a284-975318ed98fe - 686682 - model_trained - STEP_INPUT - Got input "y_train" of type "Any". (Type check passed).
W0000 00:00:1741904688.528607  686682 gpu_device.cc:2344] Cannot dlopen some GPU libraries. Please make sure the missing libraries mentioned above are installed properly if you would like to use GPU. Follow the guide at https://www.tensorflow.org/install/gpu for how to download and setup the required libraries for your platform.
Skipping registering GPU devices...
/home/bajiks/.pyenv/versions/3.12.4/envs/mlops-tp-final/lib/python3.12/site-packages/keras/src/layers/layer.py:938: UserWarning: Layer 'FlattenMovies' (of type Flatten) was passed an input with a mask attached to it. However, this layer does not support masking and will therefore destroy the mask information. Downstream layers will not see the mask.
  warnings.warn(
/home/bajiks/.pyenv/versions/3.12.4/envs/mlops-tp-final/lib/python3.12/site-packages/keras/src/layers/layer.py:938: UserWarning: Layer 'FlattenUsers' (of type Flatten) was passed an input with a mask attached to it. However, this layer does not support masking and will therefore destroy the mask information. Downstream layers will not see the mask.
  warnings.warn(
[32m2025-03-13 19:24:48 -0300[0m - dagster - [34mINFO[0m - dbt_and_training - 31874d6f-a8eb-42eb-a284-975318ed98fe - model_trained - batch_size: 128 - epochs: 10
2025/03/13 19:24:48 WARNING mlflow.tensorflow: Unrecognized dataset type <class 'list'>. Dataset logging skipped.
2025/03/13 19:24:50 WARNING mlflow.utils.checkpoint_utils: Checkpoint logging is skipped, because checkpoint 'save_best_only' config is True, it requires to compare the monitored metric value, but the provided monitored metric value is not available.
2025/03/13 19:24:51 WARNING mlflow.utils.checkpoint_utils: Checkpoint logging is skipped, because checkpoint 'save_best_only' config is True, it requires to compare the monitored metric value, but the provided monitored metric value is not available.
2025/03/13 19:24:51 WARNING mlflow.utils.checkpoint_utils: Checkpoint logging is skipped, because checkpoint 'save_best_only' config is True, it requires to compare the monitored metric value, but the provided monitored metric value is not available.
2025/03/13 19:24:52 WARNING mlflow.utils.checkpoint_utils: Checkpoint logging is skipped, because checkpoint 'save_best_only' config is True, it requires to compare the monitored metric value, but the provided monitored metric value is not available.
2025/03/13 19:24:53 WARNING mlflow.utils.checkpoint_utils: Checkpoint logging is skipped, because checkpoint 'save_best_only' config is True, it requires to compare the monitored metric value, but the provided monitored metric value is not available.
2025/03/13 19:24:54 WARNING mlflow.utils.checkpoint_utils: Checkpoint logging is skipped, because checkpoint 'save_best_only' config is True, it requires to compare the monitored metric value, but the provided monitored metric value is not available.
2025/03/13 19:24:55 WARNING mlflow.utils.checkpoint_utils: Checkpoint logging is skipped, because checkpoint 'save_best_only' config is True, it requires to compare the monitored metric value, but the provided monitored metric value is not available.
2025/03/13 19:24:55 WARNING mlflow.utils.checkpoint_utils: Checkpoint logging is skipped, because checkpoint 'save_best_only' config is True, it requires to compare the monitored metric value, but the provided monitored metric value is not available.
2025/03/13 19:24:56 WARNING mlflow.utils.checkpoint_utils: Checkpoint logging is skipped, because checkpoint 'save_best_only' config is True, it requires to compare the monitored metric value, but the provided monitored metric value is not available.
2025/03/13 19:24:57 WARNING mlflow.utils.checkpoint_utils: Checkpoint logging is skipped, because checkpoint 'save_best_only' config is True, it requires to compare the monitored metric value, but the provided monitored metric value is not available.
2025/03/13 19:24:57 WARNING mlflow.tensorflow: Failed to infer model signature: could not sample data to infer model signature: Cannot log input example or model signature for input with type <class 'list'>. TensorFlow Keras autologging can only log input examples and model signatures for the following input types: numpy.ndarray, dict[string -> numpy.ndarray], tensorflow.keras.utils.Sequence, and tensorflow.data.Dataset (TensorFlow >= 2.1.0 required)
2025/03/13 19:24:57 WARNING mlflow.tensorflow: You are saving a TensorFlow Core model or Keras model without a signature. Inference with mlflow.pyfunc.spark_udf() will not work unless the model's pyfunc representation accepts pandas DataFrames as inference inputs.
[31m2025/03/13 19:25:04 WARNING mlflow.models.model: Model logged without a signature and input example. Please set `input_example` parameter when logging the model to auto infer the model signature.[0m
[32m2025-03-13 19:25:04 -0300[0m - dagster - [34mDEBUG[0m - dbt_and_training - 31874d6f-a8eb-42eb-a284-975318ed98fe - 686682 - model_trained - STEP_OUTPUT - Yielded output "result" of type "Any". (Type check passed).
[32m2025-03-13 19:25:05 -0300[0m - dagster - [34mDEBUG[0m - dbt_and_training - 31874d6f-a8eb-42eb-a284-975318ed98fe - 686682 - model_trained - ASSET_MATERIALIZATION - Materialized value model_trained.
[32m2025-03-13 19:25:05 -0300[0m - dagster - [34mDEBUG[0m - dbt_and_training - 31874d6f-a8eb-42eb-a284-975318ed98fe - 686682 - model_trained - HANDLED_OUTPUT - Handled output "result" using IO manager "io_manager"
[32m2025-03-13 19:25:05 -0300[0m - dagster - [34mDEBUG[0m - dbt_and_training - 31874d6f-a8eb-42eb-a284-975318ed98fe - 686682 - model_trained - STEP_SUCCESS - Finished execution of step "model_trained" in 19.58s.
