[32m2025-03-13 19:24:18 -0300[0m - dagster - [34mDEBUG[0m - dbt_and_training - 31874d6f-a8eb-42eb-a284-975318ed98fe - 684713 - LOGS_CAPTURED - Started capturing logs in process (pid: 684713).
[32m2025-03-13 19:24:18 -0300[0m - dagster - [34mDEBUG[0m - dbt_and_training - 31874d6f-a8eb-42eb-a284-975318ed98fe - 684713 - dbt_sources - STEP_START - Started execution of step "dbt_sources".
[32m2025-03-13 19:24:18 -0300[0m - dagster - [34mINFO[0m - dbt_and_training - 31874d6f-a8eb-42eb-a284-975318ed98fe - dbt_sources - A dbt subsetted execution is not being performed. Using the default dbt selection arguments `['--select', 'fqn:*']`.
[32m2025-03-13 19:24:18 -0300[0m - dagster - [34mWARNING[0m - dbt_and_training - 31874d6f-a8eb-42eb-a284-975318ed98fe - dbt_sources - An error was encountered when creating a handle to the dbt adapter in Dagster.
Traceback (most recent call last):
  File "/home/bajiks/.pyenv/versions/3.12.4/envs/mlops-tp-final/lib/python3.12/site-packages/dagster_dbt/core/resource.py", line 672, in cli
    adapter = self._initialize_adapter(cli_vars)
              ^^^^^^^^^^^^^^^^^^^^^^^^^^^^^^^^^^
  File "/home/bajiks/.pyenv/versions/3.12.4/envs/mlops-tp-final/lib/python3.12/site-packages/dagster_dbt/core/resource.py", line 364, in _initialize_adapter
    profile = load_profile(self.project_dir, cli_vars, self.profile, self.target)
              ^^^^^^^^^^^^^^^^^^^^^^^^^^^^^^^^^^^^^^^^^^^^^^^^^^^^^^^^^^^^^^^^^^^
  File "/home/bajiks/.pyenv/versions/3.12.4/envs/mlops-tp-final/lib/python3.12/site-packages/dbt/config/runtime.py", line 79, in load_profile
    profile = Profile.render(
              ^^^^^^^^^^^^^^^
  File "/home/bajiks/.pyenv/versions/3.12.4/envs/mlops-tp-final/lib/python3.12/site-packages/dbt/config/profile.py", line 402, in render
    return cls.from_raw_profiles(
           ^^^^^^^^^^^^^^^^^^^^^^
  File "/home/bajiks/.pyenv/versions/3.12.4/envs/mlops-tp-final/lib/python3.12/site-packages/dbt/config/profile.py", line 359, in from_raw_profiles
    raise DbtProjectError("Could not find profile named '{}'".format(profile_name))
dbt.exceptions.DbtProjectError: Runtime Error
  Could not find profile named 'db_postgres'
[32m2025-03-13 19:24:18 -0300[0m - dagster - [34mINFO[0m - dbt_and_training - 31874d6f-a8eb-42eb-a284-975318ed98fe - dbt_sources - Copying `/home/bajiks/code/Bajiks/ITBA/final-project/recommender_system/recommender_system/db_postgres/target/partial_parse.msgpack` to `/home/bajiks/code/Bajiks/ITBA/final-project/recommender_system/recommender_system/db_postgres/target/dbt_sources-31874d6-57cb981/partial_parse.msgpack` to take advantage of partial parsing.
[32m2025-03-13 19:24:18 -0300[0m - dagster - [34mINFO[0m - dbt_and_training - 31874d6f-a8eb-42eb-a284-975318ed98fe - dbt_sources - Running dbt command: `dbt run --select fqn:*`.
[32m2025-03-13 19:24:21 -0300[0m - dagster - [34mDEBUG[0m - dbt_and_training - 31874d6f-a8eb-42eb-a284-975318ed98fe - 684713 - dbt_sources - STEP_OUTPUT - Yielded output "peliculas" of type "Nothing". (Type check passed).
[32m2025-03-13 19:24:21 -0300[0m - dagster - [34mDEBUG[0m - dbt_and_training - 31874d6f-a8eb-42eb-a284-975318ed98fe - 684713 - dbt_sources - ASSET_MATERIALIZATION - Materialized value peliculas.
[32m2025-03-13 19:24:21 -0300[0m - dagster - [34mDEBUG[0m - dbt_and_training - 31874d6f-a8eb-42eb-a284-975318ed98fe - 684713 - dbt_sources - STEP_OUTPUT - Yielded output "scores" of type "Nothing". (Type check passed).
[32m2025-03-13 19:24:21 -0300[0m - dagster - [34mDEBUG[0m - dbt_and_training - 31874d6f-a8eb-42eb-a284-975318ed98fe - 684713 - dbt_sources - ASSET_MATERIALIZATION - Materialized value scores.
[32m2025-03-13 19:24:21 -0300[0m - dagster - [34mDEBUG[0m - dbt_and_training - 31874d6f-a8eb-42eb-a284-975318ed98fe - 684713 - dbt_sources - STEP_OUTPUT - Yielded output "usuarios" of type "Nothing". (Type check passed).
[32m2025-03-13 19:24:21 -0300[0m - dagster - [34mDEBUG[0m - dbt_and_training - 31874d6f-a8eb-42eb-a284-975318ed98fe - 684713 - dbt_sources - ASSET_MATERIALIZATION - Materialized value usuarios.
[32m2025-03-13 19:24:21 -0300[0m - dagster - [34mDEBUG[0m - dbt_and_training - 31874d6f-a8eb-42eb-a284-975318ed98fe - 684713 - dbt_sources - STEP_OUTPUT - Yielded output "scores_users_movies" of type "Nothing". (Type check passed).
[32m2025-03-13 19:24:22 -0300[0m - dagster - [34mDEBUG[0m - dbt_and_training - 31874d6f-a8eb-42eb-a284-975318ed98fe - 684713 - dbt_sources - ASSET_MATERIALIZATION - Materialized value scores_users_movies.
[32m2025-03-13 19:24:22 -0300[0m - dagster - [34mINFO[0m - dbt_and_training - 31874d6f-a8eb-42eb-a284-975318ed98fe - dbt_sources - Finished dbt command: `dbt run --select fqn:*`.
[32m2025-03-13 19:24:22 -0300[0m - dagster - [34mDEBUG[0m - dbt_and_training - 31874d6f-a8eb-42eb-a284-975318ed98fe - 684713 - dbt_sources - STEP_SUCCESS - Finished execution of step "dbt_sources" in 3.39s.
