[32m2025-03-13 22:56:42 -0300[0m - dagster - [34mDEBUG[0m - airbyte_dbt_training - b41ae18b-85d6-4a21-b0ec-2f1b5b9eae38 - 1440532 - LOGS_CAPTURED - Started capturing logs in process (pid: 1440532).
[32m2025-03-13 22:56:42 -0300[0m - dagster - [34mDEBUG[0m - airbyte_dbt_training - b41ae18b-85d6-4a21-b0ec-2f1b5b9eae38 - 1440532 - evaluate_model - STEP_START - Started execution of step "evaluate_model".
[32m2025-03-13 22:56:42 -0300[0m - dagster - [34mDEBUG[0m - airbyte_dbt_training - b41ae18b-85d6-4a21-b0ec-2f1b5b9eae38 - 1440532 - evaluate_model - LOADED_INPUT - Loaded input "X_test" using input manager "io_manager", from output "X_test" of step "split_data"
[32m2025-03-13 22:56:42 -0300[0m - dagster - [34mINFO[0m - airbyte_dbt_training - b41ae18b-85d6-4a21-b0ec-2f1b5b9eae38 - evaluate_model - Cargando modelo desde dagster_models/keras_dot_product_model.keras
W0000 00:00:1741917403.701446 1440532 gpu_device.cc:2344] Cannot dlopen some GPU libraries. Please make sure the missing libraries mentioned above are installed properly if you would like to use GPU. Follow the guide at https://www.tensorflow.org/install/gpu for how to download and setup the required libraries for your platform.
Skipping registering GPU devices...
/home/bajiks/.pyenv/versions/3.12.4/envs/mlops-tp-final/lib/python3.12/site-packages/keras/src/layers/layer.py:938: UserWarning: Layer 'FlattenMovies' (of type Flatten) was passed an input with a mask attached to it. However, this layer does not support masking and will therefore destroy the mask information. Downstream layers will not see the mask.
  warnings.warn(
/home/bajiks/.pyenv/versions/3.12.4/envs/mlops-tp-final/lib/python3.12/site-packages/keras/src/layers/layer.py:938: UserWarning: Layer 'FlattenUsers' (of type Flatten) was passed an input with a mask attached to it. However, this layer does not support masking and will therefore destroy the mask information. Downstream layers will not see the mask.
  warnings.warn(
[32m2025-03-13 22:56:43 -0300[0m - dagster - [34mDEBUG[0m - airbyte_dbt_training - b41ae18b-85d6-4a21-b0ec-2f1b5b9eae38 - 1440532 - evaluate_model - LOADED_INPUT - Loaded input "model_trained" using input manager "keras_io_manager", from output "model_trained" of step "model_trained"
[32m2025-03-13 22:56:43 -0300[0m - dagster - [34mDEBUG[0m - airbyte_dbt_training - b41ae18b-85d6-4a21-b0ec-2f1b5b9eae38 - 1440532 - evaluate_model - LOADED_INPUT - Loaded input "y_test" using input manager "io_manager", from output "y_test" of step "split_data"
[32m2025-03-13 22:56:43 -0300[0m - dagster - [34mDEBUG[0m - airbyte_dbt_training - b41ae18b-85d6-4a21-b0ec-2f1b5b9eae38 - 1440532 - evaluate_model - STEP_INPUT - Got input "X_test" of type "DataFrame". (Type check passed).
[32m2025-03-13 22:56:43 -0300[0m - dagster - [34mDEBUG[0m - airbyte_dbt_training - b41ae18b-85d6-4a21-b0ec-2f1b5b9eae38 - 1440532 - evaluate_model - STEP_INPUT - Got input "model_trained" of type "Any". (Type check passed).
[32m2025-03-13 22:56:44 -0300[0m - dagster - [34mDEBUG[0m - airbyte_dbt_training - b41ae18b-85d6-4a21-b0ec-2f1b5b9eae38 - 1440532 - evaluate_model - STEP_INPUT - Got input "y_test" of type "DataFrame". (Type check passed).
[32m2025-03-13 22:56:45 -0300[0m - dagster - [34mINFO[0m - airbyte_dbt_training - b41ae18b-85d6-4a21-b0ec-2f1b5b9eae38 - evaluate_model - Evaluación completada - MSE: 1.2222981452941895, RMSE: 1.105575933753168
[32m2025-03-13 22:56:45 -0300[0m - dagster - [34mDEBUG[0m - airbyte_dbt_training - b41ae18b-85d6-4a21-b0ec-2f1b5b9eae38 - 1440532 - evaluate_model - STEP_OUTPUT - Yielded output "result" of type "Any". (Type check passed).
[32m2025-03-13 22:56:45 -0300[0m - dagster - [34mDEBUG[0m - airbyte_dbt_training - b41ae18b-85d6-4a21-b0ec-2f1b5b9eae38 - 1440532 - evaluate_model - ASSET_MATERIALIZATION - Materialized value evaluate_model.
[32m2025-03-13 22:56:45 -0300[0m - dagster - [34mDEBUG[0m - airbyte_dbt_training - b41ae18b-85d6-4a21-b0ec-2f1b5b9eae38 - 1440532 - evaluate_model - HANDLED_OUTPUT - Handled output "result" using IO manager "io_manager"
[32m2025-03-13 22:56:45 -0300[0m - dagster - [34mDEBUG[0m - airbyte_dbt_training - b41ae18b-85d6-4a21-b0ec-2f1b5b9eae38 - 1440532 - evaluate_model - STEP_SUCCESS - Finished execution of step "evaluate_model" in 2.81s.
