[32m2025-02-10 02:13:30 -0300[0m - dagster - [34mDEBUG[0m - only_training - 45e65c94-bcf8-45b2-ab63-976ff5f9b849 - 320301 - LOGS_CAPTURED - Started capturing logs in process (pid: 320301).
[32m2025-02-10 02:13:30 -0300[0m - dagster - [34mDEBUG[0m - only_training - 45e65c94-bcf8-45b2-ab63-976ff5f9b849 - 320301 - model_metrics - STEP_START - Started execution of step "model_metrics".
[32m2025-02-10 02:13:30 -0300[0m - dagster - [34mDEBUG[0m - only_training - 45e65c94-bcf8-45b2-ab63-976ff5f9b849 - model_metrics - Loading file from: /home/bajiks/code/Bajiks/ITBA/final-project/dagster_home/storage/X_test using PickledObjectFilesystemIOManager...
[32m2025-02-10 02:13:30 -0300[0m - dagster - [34mDEBUG[0m - only_training - 45e65c94-bcf8-45b2-ab63-976ff5f9b849 - 320301 - model_metrics - LOADED_INPUT - Loaded input "X_test" using input manager "io_manager", from output "X_test" of step "split_data"
[32m2025-02-10 02:13:30 -0300[0m - dagster - [34mDEBUG[0m - only_training - 45e65c94-bcf8-45b2-ab63-976ff5f9b849 - model_metrics - Loading file from: /home/bajiks/code/Bajiks/ITBA/final-project/dagster_home/storage/model_stored using PickledObjectFilesystemIOManager...
[32m2025-02-10 02:13:30 -0300[0m - dagster - [34mDEBUG[0m - only_training - 45e65c94-bcf8-45b2-ab63-976ff5f9b849 - 320301 - model_metrics - LOADED_INPUT - Loaded input "model_stored" using input manager "io_manager", from output "result" of step "model_stored"
[32m2025-02-10 02:13:30 -0300[0m - dagster - [34mDEBUG[0m - only_training - 45e65c94-bcf8-45b2-ab63-976ff5f9b849 - model_metrics - Loading file from: /home/bajiks/code/Bajiks/ITBA/final-project/dagster_home/storage/y_test using PickledObjectFilesystemIOManager...
[32m2025-02-10 02:13:31 -0300[0m - dagster - [34mDEBUG[0m - only_training - 45e65c94-bcf8-45b2-ab63-976ff5f9b849 - 320301 - model_metrics - LOADED_INPUT - Loaded input "y_test" using input manager "io_manager", from output "y_test" of step "split_data"
[32m2025-02-10 02:13:31 -0300[0m - dagster - [34mDEBUG[0m - only_training - 45e65c94-bcf8-45b2-ab63-976ff5f9b849 - 320301 - model_metrics - STEP_INPUT - Got input "X_test" of type "Any". (Type check passed).
[32m2025-02-10 02:13:31 -0300[0m - dagster - [34mDEBUG[0m - only_training - 45e65c94-bcf8-45b2-ab63-976ff5f9b849 - 320301 - model_metrics - STEP_INPUT - Got input "model_stored" of type "Any". (Type check passed).
[32m2025-02-10 02:13:31 -0300[0m - dagster - [34mDEBUG[0m - only_training - 45e65c94-bcf8-45b2-ab63-976ff5f9b849 - 320301 - model_metrics - STEP_INPUT - Got input "y_test" of type "Any". (Type check passed).
Downloading artifacts:   0%|          | 0/7 [00:00<?, ?it/s]Downloading artifacts:  14%|â–ˆâ–        | 1/7 [00:00<00:00, 110.26it/s]Downloading artifacts:  29%|â–ˆâ–ˆâ–Š       | 2/7 [00:00<00:00, 201.20it/s]Downloading artifacts:  43%|â–ˆâ–ˆâ–ˆâ–ˆâ–Ž     | 3/7 [00:00<00:00, 246.70it/s]Downloading artifacts:  57%|â–ˆâ–ˆâ–ˆâ–ˆâ–ˆâ–‹    | 4/7 [00:00<00:00, 266.85it/s]Downloading artifacts:  71%|â–ˆâ–ˆâ–ˆâ–ˆâ–ˆâ–ˆâ–ˆâ–  | 5/7 [00:00<00:00, 303.12it/s]Downloading artifacts:  86%|â–ˆâ–ˆâ–ˆâ–ˆâ–ˆâ–ˆâ–ˆâ–ˆâ–Œ | 6/7 [00:00<00:00, 290.84it/s]Downloading artifacts: 100%|â–ˆâ–ˆâ–ˆâ–ˆâ–ˆâ–ˆâ–ˆâ–ˆâ–ˆâ–ˆ| 7/7 [00:00<00:00, 196.91it/s]Downloading artifacts: 100%|â–ˆâ–ˆâ–ˆâ–ˆâ–ˆâ–ˆâ–ˆâ–ˆâ–ˆâ–ˆ| 7/7 [00:00<00:00, 195.85it/s]
W0000 00:00:1739164413.567760  320301 gpu_device.cc:2344] Cannot dlopen some GPU libraries. Please make sure the missing libraries mentioned above are installed properly if you would like to use GPU. Follow the guide at https://www.tensorflow.org/install/gpu for how to download and setup the required libraries for your platform.
Skipping registering GPU devices...
/home/bajiks/.pyenv/versions/3.12.4/envs/mlops-tp-final/lib/python3.12/site-packages/keras/src/layers/layer.py:938: UserWarning: Layer 'FlattenMovies' (of type Flatten) was passed an input with a mask attached to it. However, this layer does not support masking and will therefore destroy the mask information. Downstream layers will not see the mask.
  warnings.warn(
/home/bajiks/.pyenv/versions/3.12.4/envs/mlops-tp-final/lib/python3.12/site-packages/keras/src/layers/layer.py:938: UserWarning: Layer 'FlattenUsers' (of type Flatten) was passed an input with a mask attached to it. However, this layer does not support masking and will therefore destroy the mask information. Downstream layers will not see the mask.
  warnings.warn(
[32m2025-02-10 02:13:34 -0300[0m - dagster - [34mDEBUG[0m - only_training - 45e65c94-bcf8-45b2-ab63-976ff5f9b849 - 320301 - model_metrics - STEP_OUTPUT - Yielded output "result" of type "Any". (Type check passed).
[32m2025-02-10 02:13:34 -0300[0m - dagster - [34mDEBUG[0m - only_training - 45e65c94-bcf8-45b2-ab63-976ff5f9b849 - model_metrics - Writing file at: /home/bajiks/code/Bajiks/ITBA/final-project/dagster_home/storage/model_metrics using PickledObjectFilesystemIOManager...
[32m2025-02-10 02:13:34 -0300[0m - dagster - [34mDEBUG[0m - only_training - 45e65c94-bcf8-45b2-ab63-976ff5f9b849 - 320301 - model_metrics - ASSET_MATERIALIZATION - Materialized value model_metrics.
[32m2025-02-10 02:13:34 -0300[0m - dagster - [34mDEBUG[0m - only_training - 45e65c94-bcf8-45b2-ab63-976ff5f9b849 - 320301 - model_metrics - HANDLED_OUTPUT - Handled output "result" using IO manager "io_manager"
[32m2025-02-10 02:13:34 -0300[0m - dagster - [34mDEBUG[0m - only_training - 45e65c94-bcf8-45b2-ab63-976ff5f9b849 - 320301 - model_metrics - STEP_SUCCESS - Finished execution of step "model_metrics" in 3.85s.
