[32m2025-02-10 02:12:40 -0300[0m - dagster - [34mDEBUG[0m - only_training - 45e65c94-bcf8-45b2-ab63-976ff5f9b849 - 316162 - LOGS_CAPTURED - Started capturing logs in process (pid: 316162).
[32m2025-02-10 02:12:40 -0300[0m - dagster - [34mDEBUG[0m - only_training - 45e65c94-bcf8-45b2-ab63-976ff5f9b849 - 316162 - split_data - STEP_START - Started execution of step "split_data".
[32m2025-02-10 02:12:40 -0300[0m - dagster - [34mDEBUG[0m - only_training - 45e65c94-bcf8-45b2-ab63-976ff5f9b849 - split_data - Loading file from: /home/bajiks/code/Bajiks/ITBA/final-project/dagster_home/storage/preprocessed_training_data using PickledObjectFilesystemIOManager...
[32m2025-02-10 02:12:40 -0300[0m - dagster - [34mDEBUG[0m - only_training - 45e65c94-bcf8-45b2-ab63-976ff5f9b849 - 316162 - split_data - LOADED_INPUT - Loaded input "preprocessed_training_data" using input manager "io_manager", from output "preprocessed_training_data" of step "preprocessed_data"
[32m2025-02-10 02:12:40 -0300[0m - dagster - [34mDEBUG[0m - only_training - 45e65c94-bcf8-45b2-ab63-976ff5f9b849 - 316162 - split_data - STEP_INPUT - Got input "preprocessed_training_data" of type "Any". (Type check passed).
[32m2025-02-10 02:12:40 -0300[0m - dagster - [34mDEBUG[0m - only_training - 45e65c94-bcf8-45b2-ab63-976ff5f9b849 - 316162 - split_data - STEP_OUTPUT - Yielded output "X_train" of type "Any". (Type check passed).
[32m2025-02-10 02:12:40 -0300[0m - dagster - [34mDEBUG[0m - only_training - 45e65c94-bcf8-45b2-ab63-976ff5f9b849 - split_data - Writing file at: /home/bajiks/code/Bajiks/ITBA/final-project/dagster_home/storage/X_train using PickledObjectFilesystemIOManager...
[32m2025-02-10 02:12:40 -0300[0m - dagster - [34mDEBUG[0m - only_training - 45e65c94-bcf8-45b2-ab63-976ff5f9b849 - 316162 - split_data - ASSET_MATERIALIZATION - Materialized value X_train.
[32m2025-02-10 02:12:40 -0300[0m - dagster - [34mDEBUG[0m - only_training - 45e65c94-bcf8-45b2-ab63-976ff5f9b849 - 316162 - split_data - HANDLED_OUTPUT - Handled output "X_train" using IO manager "io_manager"
[32m2025-02-10 02:12:40 -0300[0m - dagster - [34mDEBUG[0m - only_training - 45e65c94-bcf8-45b2-ab63-976ff5f9b849 - 316162 - split_data - STEP_OUTPUT - Yielded output "X_test" of type "Any". (Type check passed).
[32m2025-02-10 02:12:40 -0300[0m - dagster - [34mDEBUG[0m - only_training - 45e65c94-bcf8-45b2-ab63-976ff5f9b849 - split_data - Writing file at: /home/bajiks/code/Bajiks/ITBA/final-project/dagster_home/storage/X_test using PickledObjectFilesystemIOManager...
[32m2025-02-10 02:12:40 -0300[0m - dagster - [34mDEBUG[0m - only_training - 45e65c94-bcf8-45b2-ab63-976ff5f9b849 - 316162 - split_data - ASSET_MATERIALIZATION - Materialized value X_test.
[32m2025-02-10 02:12:40 -0300[0m - dagster - [34mDEBUG[0m - only_training - 45e65c94-bcf8-45b2-ab63-976ff5f9b849 - 316162 - split_data - HANDLED_OUTPUT - Handled output "X_test" using IO manager "io_manager"
[32m2025-02-10 02:12:40 -0300[0m - dagster - [34mDEBUG[0m - only_training - 45e65c94-bcf8-45b2-ab63-976ff5f9b849 - 316162 - split_data - STEP_OUTPUT - Yielded output "y_train" of type "Any". (Type check passed).
[32m2025-02-10 02:12:40 -0300[0m - dagster - [34mDEBUG[0m - only_training - 45e65c94-bcf8-45b2-ab63-976ff5f9b849 - split_data - Writing file at: /home/bajiks/code/Bajiks/ITBA/final-project/dagster_home/storage/y_train using PickledObjectFilesystemIOManager...
[32m2025-02-10 02:12:40 -0300[0m - dagster - [34mDEBUG[0m - only_training - 45e65c94-bcf8-45b2-ab63-976ff5f9b849 - 316162 - split_data - ASSET_MATERIALIZATION - Materialized value y_train.
[32m2025-02-10 02:12:40 -0300[0m - dagster - [34mDEBUG[0m - only_training - 45e65c94-bcf8-45b2-ab63-976ff5f9b849 - 316162 - split_data - HANDLED_OUTPUT - Handled output "y_train" using IO manager "io_manager"
[32m2025-02-10 02:12:40 -0300[0m - dagster - [34mDEBUG[0m - only_training - 45e65c94-bcf8-45b2-ab63-976ff5f9b849 - 316162 - split_data - STEP_OUTPUT - Yielded output "y_test" of type "Any". (Type check passed).
[32m2025-02-10 02:12:40 -0300[0m - dagster - [34mDEBUG[0m - only_training - 45e65c94-bcf8-45b2-ab63-976ff5f9b849 - split_data - Writing file at: /home/bajiks/code/Bajiks/ITBA/final-project/dagster_home/storage/y_test using PickledObjectFilesystemIOManager...
[32m2025-02-10 02:12:41 -0300[0m - dagster - [34mDEBUG[0m - only_training - 45e65c94-bcf8-45b2-ab63-976ff5f9b849 - 316162 - split_data - ASSET_MATERIALIZATION - Materialized value y_test.
[32m2025-02-10 02:12:41 -0300[0m - dagster - [34mDEBUG[0m - only_training - 45e65c94-bcf8-45b2-ab63-976ff5f9b849 - 316162 - split_data - HANDLED_OUTPUT - Handled output "y_test" using IO manager "io_manager"
[32m2025-02-10 02:12:41 -0300[0m - dagster - [34mDEBUG[0m - only_training - 45e65c94-bcf8-45b2-ab63-976ff5f9b849 - 316162 - split_data - STEP_SUCCESS - Finished execution of step "split_data" in 749ms.
