[32m2025-03-13 21:36:32 -0300[0m - dagster - [34mDEBUG[0m - dbt_and_training - a7646bcf-5ee6-4d7e-a5e3-57eaaa3e6df0 - 1116942 - LOGS_CAPTURED - Started capturing logs in process (pid: 1116942).
[32m2025-03-13 21:36:32 -0300[0m - dagster - [34mDEBUG[0m - dbt_and_training - a7646bcf-5ee6-4d7e-a5e3-57eaaa3e6df0 - 1116942 - model_trained - STEP_START - Started execution of step "model_trained".
[32m2025-03-13 21:36:32 -0300[0m - dagster - [34mDEBUG[0m - dbt_and_training - a7646bcf-5ee6-4d7e-a5e3-57eaaa3e6df0 - 1116942 - model_trained - LOADED_INPUT - Loaded input "X_train" using input manager "io_manager", from output "X_train" of step "split_data"
[32m2025-03-13 21:36:32 -0300[0m - dagster - [34mDEBUG[0m - dbt_and_training - a7646bcf-5ee6-4d7e-a5e3-57eaaa3e6df0 - 1116942 - model_trained - LOADED_INPUT - Loaded input "movie2Idx" using input manager "io_manager", from output "movie2Idx" of step "preprocessed_data"
[32m2025-03-13 21:36:32 -0300[0m - dagster - [34mDEBUG[0m - dbt_and_training - a7646bcf-5ee6-4d7e-a5e3-57eaaa3e6df0 - 1116942 - model_trained - LOADED_INPUT - Loaded input "user2Idx" using input manager "io_manager", from output "user2Idx" of step "preprocessed_data"
[32m2025-03-13 21:36:32 -0300[0m - dagster - [34mDEBUG[0m - dbt_and_training - a7646bcf-5ee6-4d7e-a5e3-57eaaa3e6df0 - 1116942 - model_trained - LOADED_INPUT - Loaded input "y_train" using input manager "io_manager", from output "y_train" of step "split_data"
[32m2025-03-13 21:36:32 -0300[0m - dagster - [34mDEBUG[0m - dbt_and_training - a7646bcf-5ee6-4d7e-a5e3-57eaaa3e6df0 - 1116942 - model_trained - STEP_INPUT - Got input "X_train" of type "Any". (Type check passed).
[32m2025-03-13 21:36:32 -0300[0m - dagster - [34mDEBUG[0m - dbt_and_training - a7646bcf-5ee6-4d7e-a5e3-57eaaa3e6df0 - 1116942 - model_trained - STEP_INPUT - Got input "movie2Idx" of type "Any". (Type check passed).
[32m2025-03-13 21:36:32 -0300[0m - dagster - [34mDEBUG[0m - dbt_and_training - a7646bcf-5ee6-4d7e-a5e3-57eaaa3e6df0 - 1116942 - model_trained - STEP_INPUT - Got input "user2Idx" of type "Any". (Type check passed).
[32m2025-03-13 21:36:32 -0300[0m - dagster - [34mDEBUG[0m - dbt_and_training - a7646bcf-5ee6-4d7e-a5e3-57eaaa3e6df0 - 1116942 - model_trained - STEP_INPUT - Got input "y_train" of type "Any". (Type check passed).
W0000 00:00:1741912594.737380 1116942 gpu_device.cc:2344] Cannot dlopen some GPU libraries. Please make sure the missing libraries mentioned above are installed properly if you would like to use GPU. Follow the guide at https://www.tensorflow.org/install/gpu for how to download and setup the required libraries for your platform.
Skipping registering GPU devices...
/home/bajiks/.pyenv/versions/3.12.4/envs/mlops-tp-final/lib/python3.12/site-packages/keras/src/layers/layer.py:938: UserWarning: Layer 'FlattenMovies' (of type Flatten) was passed an input with a mask attached to it. However, this layer does not support masking and will therefore destroy the mask information. Downstream layers will not see the mask.
  warnings.warn(
/home/bajiks/.pyenv/versions/3.12.4/envs/mlops-tp-final/lib/python3.12/site-packages/keras/src/layers/layer.py:938: UserWarning: Layer 'FlattenUsers' (of type Flatten) was passed an input with a mask attached to it. However, this layer does not support masking and will therefore destroy the mask information. Downstream layers will not see the mask.
  warnings.warn(
[32m2025-03-13 21:36:34 -0300[0m - dagster - [34mINFO[0m - dbt_and_training - a7646bcf-5ee6-4d7e-a5e3-57eaaa3e6df0 - model_trained - batch_size: 128 - epochs: 10
2025/03/13 21:36:34 WARNING mlflow.tensorflow: Unrecognized dataset type <class 'list'>. Dataset logging skipped.
2025/03/13 21:36:36 WARNING mlflow.utils.checkpoint_utils: Checkpoint logging is skipped, because checkpoint 'save_best_only' config is True, it requires to compare the monitored metric value, but the provided monitored metric value is not available.
2025/03/13 21:36:36 WARNING mlflow.utils.checkpoint_utils: Checkpoint logging is skipped, because checkpoint 'save_best_only' config is True, it requires to compare the monitored metric value, but the provided monitored metric value is not available.
2025/03/13 21:36:37 WARNING mlflow.utils.checkpoint_utils: Checkpoint logging is skipped, because checkpoint 'save_best_only' config is True, it requires to compare the monitored metric value, but the provided monitored metric value is not available.
2025/03/13 21:36:38 WARNING mlflow.utils.checkpoint_utils: Checkpoint logging is skipped, because checkpoint 'save_best_only' config is True, it requires to compare the monitored metric value, but the provided monitored metric value is not available.
2025/03/13 21:36:39 WARNING mlflow.utils.checkpoint_utils: Checkpoint logging is skipped, because checkpoint 'save_best_only' config is True, it requires to compare the monitored metric value, but the provided monitored metric value is not available.
2025/03/13 21:36:40 WARNING mlflow.utils.checkpoint_utils: Checkpoint logging is skipped, because checkpoint 'save_best_only' config is True, it requires to compare the monitored metric value, but the provided monitored metric value is not available.
2025/03/13 21:36:40 WARNING mlflow.utils.checkpoint_utils: Checkpoint logging is skipped, because checkpoint 'save_best_only' config is True, it requires to compare the monitored metric value, but the provided monitored metric value is not available.
2025/03/13 21:36:41 WARNING mlflow.utils.checkpoint_utils: Checkpoint logging is skipped, because checkpoint 'save_best_only' config is True, it requires to compare the monitored metric value, but the provided monitored metric value is not available.
2025/03/13 21:36:42 WARNING mlflow.utils.checkpoint_utils: Checkpoint logging is skipped, because checkpoint 'save_best_only' config is True, it requires to compare the monitored metric value, but the provided monitored metric value is not available.
2025/03/13 21:36:43 WARNING mlflow.utils.checkpoint_utils: Checkpoint logging is skipped, because checkpoint 'save_best_only' config is True, it requires to compare the monitored metric value, but the provided monitored metric value is not available.
2025/03/13 21:36:43 WARNING mlflow.tensorflow: Failed to infer model signature: could not sample data to infer model signature: Cannot log input example or model signature for input with type <class 'list'>. TensorFlow Keras autologging can only log input examples and model signatures for the following input types: numpy.ndarray, dict[string -> numpy.ndarray], tensorflow.keras.utils.Sequence, and tensorflow.data.Dataset (TensorFlow >= 2.1.0 required)
2025/03/13 21:36:43 WARNING mlflow.tensorflow: You are saving a TensorFlow Core model or Keras model without a signature. Inference with mlflow.pyfunc.spark_udf() will not work unless the model's pyfunc representation accepts pandas DataFrames as inference inputs.
[31m2025/03/13 21:36:51 WARNING mlflow.models.model: Model logged without a signature and input example. Please set `input_example` parameter when logging the model to auto infer the model signature.[0m
[32m2025-03-13 21:36:51 -0300[0m - dagster - [34mDEBUG[0m - dbt_and_training - a7646bcf-5ee6-4d7e-a5e3-57eaaa3e6df0 - 1116942 - model_trained - STEP_OUTPUT - Yielded output "model_trained" of type "Any". (Type check passed).
[32m2025-03-13 21:36:51 -0300[0m - dagster - [34mINFO[0m - dbt_and_training - a7646bcf-5ee6-4d7e-a5e3-57eaaa3e6df0 - model_trained - Modelo guardado localmente en dagster_models/keras_dot_product_model.keras
[32m2025-03-13 21:36:51 -0300[0m - dagster - [34mDEBUG[0m - dbt_and_training - a7646bcf-5ee6-4d7e-a5e3-57eaaa3e6df0 - 1116942 - model_trained - ASSET_MATERIALIZATION - Materialized value model_trained.
[32m2025-03-13 21:36:51 -0300[0m - dagster - [34mDEBUG[0m - dbt_and_training - a7646bcf-5ee6-4d7e-a5e3-57eaaa3e6df0 - 1116942 - model_trained - HANDLED_OUTPUT - Handled output "model_trained" using IO manager "keras_io_manager"
[32m2025-03-13 21:36:52 -0300[0m - dagster - [34mDEBUG[0m - dbt_and_training - a7646bcf-5ee6-4d7e-a5e3-57eaaa3e6df0 - 1116942 - model_trained - STEP_SUCCESS - Finished execution of step "model_trained" in 19.91s.
